No errors on assembly of 'c:\program files (x86)\stmicroelectronics\st_toolset\asm\include\stm8s105c_s.asm'
No errors on assembly of 'c:\users\work\desktop\uni\ce\pxce\mapping.asm'
No errors on assembly of 'c:\users\work\desktop\uni\ce\pxce\mapping.asm'
No errors on assembly of 'c:\program files (x86)\stmicroelectronics\st_toolset\asm\include\stm8s105c_s.asm'
No errors on assembly of 'c:\program files (x86)\stmicroelectronics\st_toolset\asm\include\stm8s105c_s.asm'

c:\users\work\desktop\uni\ce\pxce\main.asm(142): as1 : Fatal 4: Illegal Source EOF 'EOF'


c:\users\work\desktop\uni\ce\pxce\main.asm(142): as1 : Fatal 4: Illegal Source EOF 'EOF'

No errors on assembly of 'c:\users\work\desktop\uni\ce\pxce\main.asm'
No errors on assembly of 'c:\users\work\desktop\uni\ce\pxce\main.asm'
No errors on assembly of 'c:\users\work\desktop\uni\ce\pxce\main.asm'
No errors on assembly of 'c:\users\work\desktop\uni\ce\pxce\main.asm'
No errors on assembly of 'c:\users\work\desktop\uni\ce\pxce\main.asm'
No errors on assembly of 'c:\users\work\desktop\uni\ce\pxce\main.asm'
No errors on assembly of 'c:\users\work\desktop\uni\ce\pxce\main.asm'

c:\users\work\desktop\uni\ce\pxce\main.asm(177): as1 : Fatal 4: Illegal Source EOF 'EOF'


c:\users\work\desktop\uni\ce\pxce\main.asm(177): as1 : Fatal 4: Illegal Source EOF 'EOF'


c:\users\work\desktop\uni\ce\pxce\main.asm(177): as1 : Fatal 4: Illegal Source EOF 'EOF'

No errors on assembly of 'c:\users\work\desktop\uni\ce\pxce\main.asm'
No errors on assembly of 'c:\users\work\desktop\uni\ce\pxce\main.asm'
No errors on assembly of 'c:\users\work\desktop\uni\ce\pxce\main.asm'
No errors on assembly of 'c:\users\work\desktop\uni\ce\pxce\main.asm'
No errors on assembly of 'c:\users\work\desktop\uni\ce\pxce\main.asm'
No errors on assembly of 'c:\users\work\desktop\uni\ce\pxce\main.asm'

c:\users\work\desktop\uni\ce\pxce\main.asm(110): as1 : Fatal 4: Illegal Source EOF 'EOF'


c:\users\work\desktop\uni\ce\pxce\main.asm(110): as1 : Fatal 4: Illegal Source EOF 'EOF'


c:\users\work\desktop\uni\ce\pxce\main.asm(110): as1 : Fatal 4: Illegal Source EOF 'EOF'

No errors on assembly of 'c:\users\work\desktop\uni\ce\pxce\main.asm'
No errors on assembly of 'c:\users\work\desktop\uni\ce\pxce\main.asm'
No errors on assembly of 'c:\users\work\desktop\uni\ce\pxce\main.asm'

c:\users\work\desktop\uni\ce\pxce\main.asm(78): as1 : Fatal 4: Illegal Source EOF 'EOF'


c:\users\work\desktop\uni\ce\pxce\main.asm(78): as1 : Fatal 4: Illegal Source EOF 'EOF'


c:\users\work\desktop\uni\ce\pxce\main.asm(78): as1 : Fatal 4: Illegal Source EOF 'EOF'

No errors on assembly of 'c:\users\work\desktop\uni\ce\pxce\main.asm'
No errors on assembly of 'c:\users\work\desktop\uni\ce\pxce\main.asm'
No errors on assembly of 'c:\users\work\desktop\uni\ce\pxce\main.asm'
No errors on assembly of 'c:\users\work\desktop\uni\ce\pxce\main.asm'
No errors on assembly of 'c:\users\work\desktop\uni\ce\pxce\main.asm'
No errors on assembly of 'c:\users\work\desktop\uni\ce\pxce\main.asm'

c:\users\work\desktop\uni\ce\pxce\main.asm(106): as1 : Fatal 4: Illegal Source EOF 'EOF'


c:\users\work\desktop\uni\ce\pxce\main.asm(106): as1 : Fatal 4: Illegal Source EOF 'EOF'


c:\users\work\desktop\uni\ce\pxce\main.asm(106): as1 : Fatal 4: Illegal Source EOF 'EOF'

No errors on assembly of 'c:\users\work\desktop\uni\ce\pxce\main.asm'
No errors on assembly of 'c:\users\work\desktop\uni\ce\pxce\main.asm'
No errors on assembly of 'c:\users\work\desktop\uni\ce\pxce\main.asm'

c:\users\work\desktop\uni\ce\pxce\main.asm(34): as1 : Fatal 4: Illegal Source EOF 'EOF'


c:\users\work\desktop\uni\ce\pxce\main.asm(34): as1 : Fatal 4: Illegal Source EOF 'EOF'


c:\users\work\desktop\uni\ce\pxce\main.asm(34): as1 : Fatal 4: Illegal Source EOF 'EOF'

No errors on assembly of 'c:\users\work\desktop\uni\ce\pxce\main.asm'
No errors on assembly of 'c:\users\work\desktop\uni\ce\pxce\main.asm'
No errors on assembly of 'c:\users\work\desktop\uni\ce\pxce\main.asm'

c:\users\work\desktop\uni\ce\pxce\main.asm(29): as1 : Fatal 4: Illegal Source EOF 'EOF'


c:\users\work\desktop\uni\ce\pxce\main.asm(29): as1 : Fatal 4: Illegal Source EOF 'EOF'


c:\users\work\desktop\uni\ce\pxce\main.asm(29): as1 : Fatal 4: Illegal Source EOF 'EOF'

No errors on assembly of 'c:\users\work\desktop\uni\ce\pxce\main.asm'
No errors on assembly of 'c:\users\work\desktop\uni\ce\pxce\main.asm'
No errors on assembly of 'c:\users\work\desktop\uni\ce\pxce\main.asm'
No errors on assembly of 'c:\users\work\desktop\uni\ce\pxce\main.asm'
No errors on assembly of 'c:\users\work\desktop\uni\ce\pxce\main.asm'
No errors on assembly of 'c:\users\work\desktop\uni\ce\pxce\main.asm'

c:\users\work\desktop\uni\ce\pxce\main.asm(100): as1 : Fatal 4: Illegal Source EOF 'EOF'


c:\users\work\desktop\uni\ce\pxce\main.asm(100): as1 : Fatal 4: Illegal Source EOF 'EOF'


c:\users\work\desktop\uni\ce\pxce\main.asm(100): as1 : Fatal 4: Illegal Source EOF 'EOF'

No errors on assembly of 'c:\users\work\desktop\uni\ce\pxce\main.asm'
No errors on assembly of 'c:\users\work\desktop\uni\ce\pxce\main.asm'
No errors on assembly of 'c:\users\work\desktop\uni\ce\pxce\main.asm'
No errors on assembly of 'c:\users\work\desktop\uni\ce\pxce\main.asm'
No errors on assembly of 'c:\users\work\desktop\uni\ce\pxce\main.asm'
No errors on assembly of 'c:\users\work\desktop\uni\ce\pxce\main.asm'
No errors on assembly of 'c:\users\work\desktop\uni\ce\pxce\main.asm'
No errors on assembly of 'c:\users\work\desktop\uni\ce\pxce\main.asm'
No errors on assembly of 'c:\users\work\desktop\uni\ce\pxce\main.asm'

c:\users\work\desktop\uni\ce\pxce\main.asm(155): as1 : Fatal 4: Illegal Source EOF 'EOF'


c:\users\work\desktop\uni\ce\pxce\main.asm(155): as1 : Fatal 4: Illegal Source EOF 'EOF'


c:\users\work\desktop\uni\ce\pxce\main.asm(155): as1 : Fatal 4: Illegal Source EOF 'EOF'

No errors on assembly of 'c:\users\work\desktop\uni\ce\pxce\main.asm'
No errors on assembly of 'c:\users\work\desktop\uni\ce\pxce\main.asm'
No errors on assembly of 'c:\users\work\desktop\uni\ce\pxce\main.asm'

c:\users\work\desktop\uni\ce\pxce\main.asm(142): as1 : Fatal 4: Illegal Source EOF 'EOF'


c:\users\work\desktop\uni\ce\pxce\main.asm(142): as1 : Fatal 4: Illegal Source EOF 'EOF'


c:\users\work\desktop\uni\ce\pxce\main.asm(142): as1 : Fatal 4: Illegal Source EOF 'EOF'

No errors on assembly of 'c:\users\work\desktop\uni\ce\pxce\main.asm'
No errors on assembly of 'c:\users\work\desktop\uni\ce\pxce\main.asm'
No errors on assembly of 'c:\users\work\desktop\uni\ce\pxce\main.asm'
No errors on assembly of 'c:\users\work\desktop\uni\ce\pxce\main.asm'
No errors on assembly of 'c:\users\work\desktop\uni\ce\pxce\main.asm'
No errors on assembly of 'c:\users\work\desktop\uni\ce\pxce\main.asm'

c:\users\work\desktop\uni\ce\pxce\main.asm(131): as1 : Fatal 4: Illegal Source EOF 'EOF'


c:\users\work\desktop\uni\ce\pxce\main.asm(131): as1 : Fatal 4: Illegal Source EOF 'EOF'


c:\users\work\desktop\uni\ce\pxce\main.asm(131): as1 : Fatal 4: Illegal Source EOF 'EOF'

No errors on assembly of 'c:\users\work\desktop\uni\ce\pxce\main.asm'
No errors on assembly of 'c:\users\work\desktop\uni\ce\pxce\main.asm'
No errors on assembly of 'c:\users\work\desktop\uni\ce\pxce\main.asm'
No errors on assembly of 'c:\users\work\desktop\uni\ce\pxce\main.asm'
No errors on assembly of 'c:\users\work\desktop\uni\ce\pxce\main.asm'
No errors on assembly of 'c:\users\work\desktop\uni\ce\pxce\main.asm'
c:\users\work\desktop\uni\ce\pxce\main.asm(2): as1 : Error 56: unrecognised opcode '#include "mapping.inc"'

c:\users\work\desktop\uni\ce\pxce\main.asm(2): as1 : Fatal 111: Illegal character at start of label '#include "mapping.inc"'

c:\users\work\desktop\uni\ce\pxce\main.asm(2): as1 : Error 56: unrecognised opcode '#include "mapping.inc"'

c:\users\work\desktop\uni\ce\pxce\main.asm(2): as1 : Fatal 111: Illegal character at start of label '#include "mapping.inc"'

c:\users\work\desktop\uni\ce\pxce\main.asm(2): as1 : Error 56: unrecognised opcode '#include "mapping.inc"'

c:\users\work\desktop\uni\ce\pxce\main.asm(2): as1 : Fatal 111: Illegal character at start of label '#include "mapping.inc"'

No errors on assembly of 'c:\users\work\desktop\uni\ce\pxce\main.asm'
No errors on assembly of 'c:\users\work\desktop\uni\ce\pxce\main.asm'
No errors on assembly of 'c:\users\work\desktop\uni\ce\pxce\main.asm'

c:\users\work\desktop\uni\ce\pxce\main.asm(97): as1 : Fatal 4: Illegal Source EOF 'EOF'


c:\users\work\desktop\uni\ce\pxce\main.asm(97): as1 : Fatal 4: Illegal Source EOF 'EOF'


c:\users\work\desktop\uni\ce\pxce\main.asm(97): as1 : Fatal 4: Illegal Source EOF 'EOF'

No errors on assembly of 'c:\users\work\desktop\uni\ce\pxce\main.asm'
No errors on assembly of 'c:\users\work\desktop\uni\ce\pxce\main.asm'
c:\users\work\desktop\uni\ce\pxce\main.asm(27): as2 : Error 46: Illegal undefined label 'ADC1_CR1, #0      '
c:\users\work\desktop\uni\ce\pxce\main.asm(30): as2 : Error 46: Illegal undefined label 'ADC1_CSR'
c:\users\work\desktop\uni\ce\pxce\main.asm(32): as2 : Error 46: Illegal undefined label 'ADC1_CSR, A'
c:\users\work\desktop\uni\ce\pxce\main.asm(35): as2 : Error 46: Illegal undefined label 'ADC1_CR2, #3'
c:\users\work\desktop\uni\ce\pxce\main.asm(39): as2 : Error 46: Illegal undefined label 'ADC1_CR1, #0      ; Write 1 again to START conversion'
c:\users\work\desktop\uni\ce\pxce\main.asm(43): as2 : Error 46: Illegal undefined label 'ADC1_CSR, #7, wait_eoc  ; Loop until EOC flag (bit 7) is 1'
c:\users\work\desktop\uni\ce\pxce\main.asm(46): as2 : Error 46: Illegal undefined label 'ADC1_CSR, #7'
c:\users\work\desktop\uni\ce\pxce\main.asm(52): as2 : Error 46: Illegal undefined label 'ADC1_DRH         ; Load High Byte'
c:\users\work\desktop\uni\ce\pxce\main.asm(62): as2 : Error 46: Illegal undefined label 'ADC1_DRL'
9 errors on assembly of 'c:\users\work\desktop\uni\ce\pxce\main.asm'

c:\users\work\desktop\uni\ce\pxce\main.asm(97): as1 : Fatal 4: Illegal Source EOF 'EOF'


c:\users\work\desktop\uni\ce\pxce\main.asm(97): as1 : Fatal 4: Illegal Source EOF 'EOF'


c:\users\work\desktop\uni\ce\pxce\main.asm(97): as1 : Fatal 4: Illegal Source EOF 'EOF'

No errors on assembly of 'c:\users\work\desktop\uni\ce\pxce\main.asm'
No errors on assembly of 'c:\users\work\desktop\uni\ce\pxce\main.asm'
c:\users\work\desktop\uni\ce\pxce\main.asm(27): as2 : Error 46: Illegal undefined label 'ADC1_CR1, #0      '
c:\users\work\desktop\uni\ce\pxce\main.asm(30): as2 : Error 46: Illegal undefined label 'ADC1_CSR'
c:\users\work\desktop\uni\ce\pxce\main.asm(32): as2 : Error 46: Illegal undefined label 'ADC1_CSR, A'
c:\users\work\desktop\uni\ce\pxce\main.asm(35): as2 : Error 46: Illegal undefined label 'ADC1_CR2, #3'
c:\users\work\desktop\uni\ce\pxce\main.asm(39): as2 : Error 46: Illegal undefined label 'ADC1_CR1, #0      ; Write 1 again to START conversion'
c:\users\work\desktop\uni\ce\pxce\main.asm(43): as2 : Error 46: Illegal undefined label 'ADC1_CSR, #7, wait_eoc  ; Loop until EOC flag (bit 7) is 1'
c:\users\work\desktop\uni\ce\pxce\main.asm(46): as2 : Error 46: Illegal undefined label 'ADC1_CSR, #7'
c:\users\work\desktop\uni\ce\pxce\main.asm(52): as2 : Error 46: Illegal undefined label 'ADC1_DRH         ; Load High Byte'
c:\users\work\desktop\uni\ce\pxce\main.asm(62): as2 : Error 46: Illegal undefined label 'ADC1_DRL'
9 errors on assembly of 'c:\users\work\desktop\uni\ce\pxce\main.asm'
No errors on assembly of 'c:\users\work\desktop\uni\ce\pxce\main.asm'
No errors on assembly of 'c:\users\work\desktop\uni\ce\pxce\main.asm'
No errors on assembly of 'c:\users\work\desktop\uni\ce\pxce\main.asm'
No errors on assembly of 'c:\users\work\desktop\uni\ce\pxce\main.asm'
No errors on assembly of 'c:\users\work\desktop\uni\ce\pxce\main.asm'
No errors on assembly of 'c:\users\work\desktop\uni\ce\pxce\main.asm'
No errors on assembly of 'c:\users\work\desktop\uni\ce\pxce\main.asm'
No errors on assembly of 'c:\users\work\desktop\uni\ce\pxce\main.asm'
No errors on assembly of 'c:\users\work\desktop\uni\ce\pxce\main.asm'
No errors on assembly of 'c:\users\work\desktop\uni\ce\pxce\main.asm'
No errors on assembly of 'c:\users\work\desktop\uni\ce\pxce\main.asm'
No errors on assembly of 'c:\users\work\desktop\uni\ce\pxce\main.asm'
No errors on assembly of 'c:\users\work\desktop\uni\ce\pxce\main.asm'
No errors on assembly of 'c:\users\work\desktop\uni\ce\pxce\main.asm'
No errors on assembly of 'c:\users\work\desktop\uni\ce\pxce\main.asm'
No errors on assembly of 'c:\users\work\desktop\uni\ce\pxce\main.asm'
No errors on assembly of 'c:\users\work\desktop\uni\ce\pxce\main.asm'
No errors on assembly of 'c:\users\work\desktop\uni\ce\pxce\main.asm'
No errors on assembly of 'c:\users\work\desktop\uni\ce\pxce\main.asm'
No errors on assembly of 'c:\users\work\desktop\uni\ce\pxce\main.asm'
No errors on assembly of 'c:\users\work\desktop\uni\ce\pxce\main.asm'
c:\users\work\desktop\uni\ce\pxce\main.asm(7): as1 : Error 56: unrecognised opcode '    THRESHOLD EQU 620        ; ~2V threshold (2/3.3 * 1023 ˜ 620)'
c:\users\work\desktop\uni\ce\pxce\main.asm(8): as1 : Error 56: unrecognised opcode '    DELAY_VAL EQU 60000      ; Delay loop value'
c:\users\work\desktop\uni\ce\pxce\main.asm(23): as1 : Error 54: Can't match Addressing mode '    mov PD_DDR, #(%00001100) ; PD2,PD3 as outputs'
c:\users\work\desktop\uni\ce\pxce\main.asm(24): as1 : Error 54: Can't match Addressing mode '    mov PD_CR1, #(%00001100) ; PD2,PD3 push-pull'
4 errors on assembly of 'c:\users\work\desktop\uni\ce\pxce\main.asm'
c:\users\work\desktop\uni\ce\pxce\main.asm(7): as1 : Error 56: unrecognised opcode '    THRESHOLD EQU 620        ; ~2V threshold (2/3.3 * 1023 ˜ 620)'
c:\users\work\desktop\uni\ce\pxce\main.asm(8): as1 : Error 56: unrecognised opcode '    DELAY_VAL EQU 60000      ; Delay loop value'
c:\users\work\desktop\uni\ce\pxce\main.asm(23): as1 : Error 54: Can't match Addressing mode '    mov PD_DDR, #(%00001100) ; PD2,PD3 as outputs'
c:\users\work\desktop\uni\ce\pxce\main.asm(24): as1 : Error 54: Can't match Addressing mode '    mov PD_CR1, #(%00001100) ; PD2,PD3 push-pull'
4 errors on assembly of 'c:\users\work\desktop\uni\ce\pxce\main.asm'
c:\users\work\desktop\uni\ce\pxce\main.asm(7): as1 : Error 56: unrecognised opcode '    THRESHOLD EQU 620        ; ~2V threshold (2/3.3 * 1023 ˜ 620)'
c:\users\work\desktop\uni\ce\pxce\main.asm(8): as1 : Error 56: unrecognised opcode '    DELAY_VAL EQU 60000      ; Delay loop value'
c:\users\work\desktop\uni\ce\pxce\main.asm(23): as1 : Error 54: Can't match Addressing mode '    mov PD_DDR, #(%00001100) ; PD2,PD3 as outputs'
c:\users\work\desktop\uni\ce\pxce\main.asm(24): as1 : Error 54: Can't match Addressing mode '    mov PD_CR1, #(%00001100) ; PD2,PD3 push-pull'
c:\users\work\desktop\uni\ce\pxce\main.asm(56): as2 : Error 46: Illegal undefined label 'THRESHOLD        ; Compare with 2V threshold'
c:\users\work\desktop\uni\ce\pxce\main.asm(74): as2 : Error 46: Illegal undefined label 'DELAY_VAL'
6 errors on assembly of 'c:\users\work\desktop\uni\ce\pxce\main.asm'
c:\users\work\desktop\uni\ce\pxce\main.asm(11): as1 : Error 56: unrecognised opcode '    THRESH_HIGH  EQU $01'
c:\users\work\desktop\uni\ce\pxce\main.asm(12): as1 : Error 56: unrecognised opcode '    THRESH_LOW   EQU $9A'
c:\users\work\desktop\uni\ce\pxce\main.asm(88): as1 : Error 67: Improper Character(s) ''
3 errors on assembly of 'c:\users\work\desktop\uni\ce\pxce\main.asm'
c:\users\work\desktop\uni\ce\pxce\main.asm(11): as1 : Error 56: unrecognised opcode '    THRESH_HIGH  EQU $01'
c:\users\work\desktop\uni\ce\pxce\main.asm(12): as1 : Error 56: unrecognised opcode '    THRESH_LOW   EQU $9A'
c:\users\work\desktop\uni\ce\pxce\main.asm(88): as1 : Error 67: Improper Character(s) ''
3 errors on assembly of 'c:\users\work\desktop\uni\ce\pxce\main.asm'
c:\users\work\desktop\uni\ce\pxce\main.asm(11): as1 : Error 56: unrecognised opcode '    THRESH_HIGH  EQU $01'
c:\users\work\desktop\uni\ce\pxce\main.asm(12): as1 : Error 56: unrecognised opcode '    THRESH_LOW   EQU $9A'
c:\users\work\desktop\uni\ce\pxce\main.asm(88): as1 : Error 67: Improper Character(s) ''
c:\users\work\desktop\uni\ce\pxce\main.asm(88): as2 : Error 46: Illegal undefined label 'THRESH_HIGH}{THRESH_LOW}'
4 errors on assembly of 'c:\users\work\desktop\uni\ce\pxce\main.asm'
c:\users\work\desktop\uni\ce\pxce\main.asm(7): as1 : Error 56: unrecognised opcode '    THRESH_HIGH EQU $01'
c:\users\work\desktop\uni\ce\pxce\main.asm(8): as1 : Error 56: unrecognised opcode '    THRESH_LOW  EQU $9A'
c:\users\work\desktop\uni\ce\pxce\main.asm(73): as1 : Error 54: Can't match Addressing mode '    cp A, #THRESH_HIGH'
c:\users\work\desktop\uni\ce\pxce\main.asm(79): as1 : Error 54: Can't match Addressing mode '    cp A, #THRESH_LOW'
4 errors on assembly of 'c:\users\work\desktop\uni\ce\pxce\main.asm'
c:\users\work\desktop\uni\ce\pxce\main.asm(7): as1 : Error 56: unrecognised opcode '    THRESH_HIGH EQU $01'
c:\users\work\desktop\uni\ce\pxce\main.asm(8): as1 : Error 56: unrecognised opcode '    THRESH_LOW  EQU $9A'
c:\users\work\desktop\uni\ce\pxce\main.asm(73): as1 : Error 54: Can't match Addressing mode '    cp A, #THRESH_HIGH'
c:\users\work\desktop\uni\ce\pxce\main.asm(79): as1 : Error 54: Can't match Addressing mode '    cp A, #THRESH_LOW'
4 errors on assembly of 'c:\users\work\desktop\uni\ce\pxce\main.asm'
c:\users\work\desktop\uni\ce\pxce\main.asm(7): as1 : Error 56: unrecognised opcode '    THRESH_HIGH EQU $01'
c:\users\work\desktop\uni\ce\pxce\main.asm(8): as1 : Error 56: unrecognised opcode '    THRESH_LOW  EQU $9A'
c:\users\work\desktop\uni\ce\pxce\main.asm(73): as1 : Error 54: Can't match Addressing mode '    cp A, #THRESH_HIGH'
c:\users\work\desktop\uni\ce\pxce\main.asm(79): as1 : Error 54: Can't match Addressing mode '    cp A, #THRESH_LOW'
c:\users\work\desktop\uni\ce\pxce\main.asm(73): as2 : Error 46: Illegal undefined label 'THRESH_HIGH'
c:\users\work\desktop\uni\ce\pxce\main.asm(79): as2 : Error 46: Illegal undefined label 'THRESH_LOW'
6 errors on assembly of 'c:\users\work\desktop\uni\ce\pxce\main.asm'
c:\users\work\desktop\uni\ce\pxce\main.asm(6): as1 : Error 56: unrecognised opcode '    THRESHOLD EQU 512        ; ~2V threshold (512/1024 * 5V)'
c:\users\work\desktop\uni\ce\pxce\main.asm(7): as1 : Error 56: unrecognised opcode '    DELAY_VAL EQU 60000      ; Delay constant'
c:\users\work\desktop\uni\ce\pxce\main.asm(40): as1 : Error 54: Can't match Addressing mode '    clrw adc_result'
c:\users\work\desktop\uni\ce\pxce\main.asm(41): as1 : Error 67: Improper Character(s) '+1, A'
c:\users\work\desktop\uni\ce\pxce\main.asm(49): as1 : Error 67: Improper Character(s) '+1'
c:\users\work\desktop\uni\ce\pxce\main.asm(50): as1 : Error 54: Can't match Addressing mode '    cp A, #THRESHOLD>>8     ; Compare high byte (should be 0 or 1)'
c:\users\work\desktop\uni\ce\pxce\main.asm(53): as1 : Error 54: Can't match Addressing mode '    cp A, #THRESHOLD&255    ; Compare low byte'
7 errors on assembly of 'c:\users\work\desktop\uni\ce\pxce\main.asm'
c:\users\work\desktop\uni\ce\pxce\main.asm(6): as1 : Error 56: unrecognised opcode '    THRESHOLD EQU 512        ; ~2V threshold (512/1024 * 5V)'
c:\users\work\desktop\uni\ce\pxce\main.asm(7): as1 : Error 56: unrecognised opcode '    DELAY_VAL EQU 60000      ; Delay constant'
c:\users\work\desktop\uni\ce\pxce\main.asm(40): as1 : Error 54: Can't match Addressing mode '    clrw adc_result'
c:\users\work\desktop\uni\ce\pxce\main.asm(41): as1 : Error 67: Improper Character(s) '+1, A'
c:\users\work\desktop\uni\ce\pxce\main.asm(49): as1 : Error 67: Improper Character(s) '+1'
c:\users\work\desktop\uni\ce\pxce\main.asm(50): as1 : Error 54: Can't match Addressing mode '    cp A, #THRESHOLD>>8     ; Compare high byte (should be 0 or 1)'
c:\users\work\desktop\uni\ce\pxce\main.asm(53): as1 : Error 54: Can't match Addressing mode '    cp A, #THRESHOLD&255    ; Compare low byte'
7 errors on assembly of 'c:\users\work\desktop\uni\ce\pxce\main.asm'
c:\users\work\desktop\uni\ce\pxce\main.asm(6): as1 : Error 56: unrecognised opcode '    THRESHOLD EQU 512        ; ~2V threshold (512/1024 * 5V)'
c:\users\work\desktop\uni\ce\pxce\main.asm(7): as1 : Error 56: unrecognised opcode '    DELAY_VAL EQU 60000      ; Delay constant'
c:\users\work\desktop\uni\ce\pxce\main.asm(40): as1 : Error 54: Can't match Addressing mode '    clrw adc_result'
c:\users\work\desktop\uni\ce\pxce\main.asm(41): as1 : Error 67: Improper Character(s) '+1, A'
c:\users\work\desktop\uni\ce\pxce\main.asm(49): as1 : Error 67: Improper Character(s) '+1'
c:\users\work\desktop\uni\ce\pxce\main.asm(50): as1 : Error 54: Can't match Addressing mode '    cp A, #THRESHOLD>>8     ; Compare high byte (should be 0 or 1)'
c:\users\work\desktop\uni\ce\pxce\main.asm(53): as1 : Error 54: Can't match Addressing mode '    cp A, #THRESHOLD&255    ; Compare low byte'
c:\users\work\desktop\uni\ce\pxce\main.asm(50): as2 : Error 46: Illegal undefined label 'THRESHOLD>>8     ; Compare high byte (should be 0 or 1)'
c:\users\work\desktop\uni\ce\pxce\main.asm(53): as2 : Error 46: Illegal undefined label 'THRESHOLD&255    ; Compare low byte'
c:\users\work\desktop\uni\ce\pxce\main.asm(71): as2 : Error 46: Illegal undefined label 'DELAY_VAL'
10 errors on assembly of 'c:\users\work\desktop\uni\ce\pxce\main.asm'
c:\users\work\desktop\uni\ce\pxce\main.asm(12): as1 : Error 56: unrecognised opcode '    THRESHOLD_VAL  EQU $66  '
c:\users\work\desktop\uni\ce\pxce\main.asm(14): as1 : Error 56: unrecognised opcode '    DELAY_VAL      EQU 60000'
c:\users\work\desktop\uni\ce\pxce\main.asm(67): as1 : Error 54: Can't match Addressing mode '    cp A, #THRESHOLD_VAL    ; Compare A with 0x66 (approx 2V)'
3 errors on assembly of 'c:\users\work\desktop\uni\ce\pxce\main.asm'
c:\users\work\desktop\uni\ce\pxce\main.asm(12): as1 : Error 56: unrecognised opcode '    THRESHOLD_VAL  EQU $66  '
c:\users\work\desktop\uni\ce\pxce\main.asm(14): as1 : Error 56: unrecognised opcode '    DELAY_VAL      EQU 60000'
c:\users\work\desktop\uni\ce\pxce\main.asm(67): as1 : Error 54: Can't match Addressing mode '    cp A, #THRESHOLD_VAL    ; Compare A with 0x66 (approx 2V)'
3 errors on assembly of 'c:\users\work\desktop\uni\ce\pxce\main.asm'
c:\users\work\desktop\uni\ce\pxce\main.asm(12): as1 : Error 56: unrecognised opcode '    THRESHOLD_VAL  EQU $66  '
c:\users\work\desktop\uni\ce\pxce\main.asm(14): as1 : Error 56: unrecognised opcode '    DELAY_VAL      EQU 60000'
c:\users\work\desktop\uni\ce\pxce\main.asm(67): as1 : Error 54: Can't match Addressing mode '    cp A, #THRESHOLD_VAL    ; Compare A with 0x66 (approx 2V)'
c:\users\work\desktop\uni\ce\pxce\main.asm(40): as2 : Error 46: Illegal undefined label 'ADC1_CSR, #$00      ; Channel 0 selected, EOC flag cleared'
c:\users\work\desktop\uni\ce\pxce\main.asm(45): as2 : Error 46: Illegal undefined label 'ADC1_CR2, #$00      '
c:\users\work\desktop\uni\ce\pxce\main.asm(48): as2 : Error 46: Illegal undefined label 'ADC1_CR1, #$01      ; ADON = 1 (Power on)'
c:\users\work\desktop\uni\ce\pxce\main.asm(56): as2 : Error 46: Illegal undefined label 'ADC1_CR1, #0       ; Set ADON bit again to Start Conversion'
c:\users\work\desktop\uni\ce\pxce\main.asm(60): as2 : Error 46: Illegal undefined label 'ADC1_CSR, #7, wait_eoc  ; Jump if Bit 7 (EOC) is False/0'
c:\users\work\desktop\uni\ce\pxce\main.asm(61): as2 : Error 46: Illegal undefined label 'ADC1_CSR, #7            ; Clear EOC flag for next run'
c:\users\work\desktop\uni\ce\pxce\main.asm(64): as2 : Error 46: Illegal undefined label 'ADC1_DRH          ; Load the High Byte (Top 8 bits)'
c:\users\work\desktop\uni\ce\pxce\main.asm(67): as2 : Error 46: Illegal undefined label 'THRESHOLD_VAL    ; Compare A with 0x66 (approx 2V)'
c:\users\work\desktop\uni\ce\pxce\main.asm(92): as2 : Error 46: Illegal undefined label 'DELAY_VAL'
12 errors on assembly of 'c:\users\work\desktop\uni\ce\pxce\main.asm'

c:\users\work\desktop\uni\ce\pxce\main.asm(122): as1 : Fatal 4: Illegal Source EOF 'EOF'


c:\users\work\desktop\uni\ce\pxce\main.asm(122): as1 : Fatal 4: Illegal Source EOF 'EOF'


c:\users\work\desktop\uni\ce\pxce\main.asm(122): as1 : Fatal 4: Illegal Source EOF 'EOF'

No errors on assembly of 'c:\users\work\desktop\uni\ce\pxce\main.asm'
No errors on assembly of 'c:\users\work\desktop\uni\ce\pxce\main.asm'
No errors on assembly of 'c:\users\work\desktop\uni\ce\pxce\main.asm'
c:\users\work\desktop\uni\ce\pxce\main.asm(5): as1 : Error 56: unrecognised opcode '    THRESHOLD EQU 512        ; ~2V threshold'
c:\users\work\desktop\uni\ce\pxce\main.asm(6): as1 : Error 56: unrecognised opcode '    DELAY_VAL EQU 60000'
c:\users\work\desktop\uni\ce\pxce\main.asm(43): as1 : Error 54: Can't match Addressing mode '    clrw adc_result'
c:\users\work\desktop\uni\ce\pxce\main.asm(44): as1 : Error 67: Improper Character(s) '+1, A'
c:\users\work\desktop\uni\ce\pxce\main.asm(45): as1 : Error 54: Can't match Addressing mode '    ld adc_result, XL'
5 errors on assembly of 'c:\users\work\desktop\uni\ce\pxce\main.asm'
c:\users\work\desktop\uni\ce\pxce\main.asm(5): as1 : Error 56: unrecognised opcode '    THRESHOLD EQU 512        ; ~2V threshold'
c:\users\work\desktop\uni\ce\pxce\main.asm(6): as1 : Error 56: unrecognised opcode '    DELAY_VAL EQU 60000'
c:\users\work\desktop\uni\ce\pxce\main.asm(43): as1 : Error 54: Can't match Addressing mode '    clrw adc_result'
c:\users\work\desktop\uni\ce\pxce\main.asm(44): as1 : Error 67: Improper Character(s) '+1, A'
c:\users\work\desktop\uni\ce\pxce\main.asm(45): as1 : Error 54: Can't match Addressing mode '    ld adc_result, XL'
5 errors on assembly of 'c:\users\work\desktop\uni\ce\pxce\main.asm'
c:\users\work\desktop\uni\ce\pxce\main.asm(5): as1 : Error 56: unrecognised opcode '    THRESHOLD EQU 512        ; ~2V threshold'
c:\users\work\desktop\uni\ce\pxce\main.asm(6): as1 : Error 56: unrecognised opcode '    DELAY_VAL EQU 60000'
c:\users\work\desktop\uni\ce\pxce\main.asm(43): as1 : Error 54: Can't match Addressing mode '    clrw adc_result'
c:\users\work\desktop\uni\ce\pxce\main.asm(44): as1 : Error 67: Improper Character(s) '+1, A'
c:\users\work\desktop\uni\ce\pxce\main.asm(45): as1 : Error 54: Can't match Addressing mode '    ld adc_result, XL'
c:\users\work\desktop\uni\ce\pxce\main.asm(50): as2 : Error 46: Illegal undefined label 'THRESHOLD'
c:\users\work\desktop\uni\ce\pxce\main.asm(74): as2 : Error 46: Illegal undefined label 'DELAY_VAL'
7 errors on assembly of 'c:\users\work\desktop\uni\ce\pxce\main.asm'
c:\users\work\desktop\uni\ce\pxce\main.asm(45): as1 : Error 67: Improper Character(s) '+1, A      ; High byte (bits 2:0)'
c:\users\work\desktop\uni\ce\pxce\main.asm(49): as1 : Error 67: Improper Character(s) '+1'
2 errors on assembly of 'c:\users\work\desktop\uni\ce\pxce\main.asm'
c:\users\work\desktop\uni\ce\pxce\main.asm(45): as1 : Error 67: Improper Character(s) '+1, A      ; High byte (bits 2:0)'
c:\users\work\desktop\uni\ce\pxce\main.asm(49): as1 : Error 67: Improper Character(s) '+1'
2 errors on assembly of 'c:\users\work\desktop\uni\ce\pxce\main.asm'
c:\users\work\desktop\uni\ce\pxce\main.asm(45): as1 : Error 67: Improper Character(s) '+1, A      ; High byte (bits 2:0)'
c:\users\work\desktop\uni\ce\pxce\main.asm(49): as1 : Error 67: Improper Character(s) '+1'
2 errors on assembly of 'c:\users\work\desktop\uni\ce\pxce\main.asm'
No errors on assembly of 'c:\users\work\desktop\uni\ce\pxce\main.asm'
No errors on assembly of 'c:\users\work\desktop\uni\ce\pxce\main.asm'
No errors on assembly of 'c:\users\work\desktop\uni\ce\pxce\main.asm'
c:\users\work\desktop\uni\ce\pxce\main.asm(54): as1 : Error 54: Can't match Addressing mode '    ld XL, step_count'
c:\users\work\desktop\uni\ce\pxce\main.asm(55): as1 : Error 54: Can't match Addressing mode '    cp XL, #0'
c:\users\work\desktop\uni\ce\pxce\main.asm(57): as1 : Error 54: Can't match Addressing mode '    cp XL, #1'
c:\users\work\desktop\uni\ce\pxce\main.asm(59): as1 : Error 54: Can't match Addressing mode '    cp XL, #2'

c:\users\work\desktop\uni\ce\pxce\main.asm(119): as1 : Fatal 4: Illegal Source EOF 'EOF'

c:\users\work\desktop\uni\ce\pxce\main.asm(54): as1 : Error 54: Can't match Addressing mode '    ld XL, step_count'
c:\users\work\desktop\uni\ce\pxce\main.asm(55): as1 : Error 54: Can't match Addressing mode '    cp XL, #0'
c:\users\work\desktop\uni\ce\pxce\main.asm(57): as1 : Error 54: Can't match Addressing mode '    cp XL, #1'
c:\users\work\desktop\uni\ce\pxce\main.asm(59): as1 : Error 54: Can't match Addressing mode '    cp XL, #2'

c:\users\work\desktop\uni\ce\pxce\main.asm(119): as1 : Fatal 4: Illegal Source EOF 'EOF'

c:\users\work\desktop\uni\ce\pxce\main.asm(54): as1 : Error 54: Can't match Addressing mode '    ld XL, step_count'
c:\users\work\desktop\uni\ce\pxce\main.asm(55): as1 : Error 54: Can't match Addressing mode '    cp XL, #0'
c:\users\work\desktop\uni\ce\pxce\main.asm(57): as1 : Error 54: Can't match Addressing mode '    cp XL, #1'
c:\users\work\desktop\uni\ce\pxce\main.asm(59): as1 : Error 54: Can't match Addressing mode '    cp XL, #2'

c:\users\work\desktop\uni\ce\pxce\main.asm(119): as1 : Fatal 4: Illegal Source EOF 'EOF'

c:\users\work\desktop\uni\ce\pxce\main.asm(54): as1 : Error 54: Can't match Addressing mode '    ld XL, step_count'
c:\users\work\desktop\uni\ce\pxce\main.asm(55): as1 : Error 54: Can't match Addressing mode '    cp XL, #0'
c:\users\work\desktop\uni\ce\pxce\main.asm(57): as1 : Error 54: Can't match Addressing mode '    cp XL, #1'
c:\users\work\desktop\uni\ce\pxce\main.asm(59): as1 : Error 54: Can't match Addressing mode '    cp XL, #2'
4 errors on assembly of 'c:\users\work\desktop\uni\ce\pxce\main.asm'
c:\users\work\desktop\uni\ce\pxce\main.asm(54): as1 : Error 54: Can't match Addressing mode '    ld XL, step_count'
c:\users\work\desktop\uni\ce\pxce\main.asm(55): as1 : Error 54: Can't match Addressing mode '    cp XL, #0'
c:\users\work\desktop\uni\ce\pxce\main.asm(57): as1 : Error 54: Can't match Addressing mode '    cp XL, #1'
c:\users\work\desktop\uni\ce\pxce\main.asm(59): as1 : Error 54: Can't match Addressing mode '    cp XL, #2'
4 errors on assembly of 'c:\users\work\desktop\uni\ce\pxce\main.asm'
c:\users\work\desktop\uni\ce\pxce\main.asm(54): as1 : Error 54: Can't match Addressing mode '    ld XL, step_count'
c:\users\work\desktop\uni\ce\pxce\main.asm(55): as1 : Error 54: Can't match Addressing mode '    cp XL, #0'
c:\users\work\desktop\uni\ce\pxce\main.asm(57): as1 : Error 54: Can't match Addressing mode '    cp XL, #1'
c:\users\work\desktop\uni\ce\pxce\main.asm(59): as1 : Error 54: Can't match Addressing mode '    cp XL, #2'
4 errors on assembly of 'c:\users\work\desktop\uni\ce\pxce\main.asm'
No errors on assembly of 'c:\users\work\desktop\uni\ce\pxce\main.asm'
No errors on assembly of 'c:\users\work\desktop\uni\ce\pxce\main.asm'
No errors on assembly of 'c:\users\work\desktop\uni\ce\pxce\main.asm'
No errors on assembly of 'c:\users\work\desktop\uni\ce\pxce\main.asm'
No errors on assembly of 'c:\users\work\desktop\uni\ce\pxce\main.asm'
No errors on assembly of 'c:\users\work\desktop\uni\ce\pxce\main.asm'
No errors on assembly of 'c:\users\work\desktop\uni\ce\pxce\main.asm'
No errors on assembly of 'c:\users\work\desktop\uni\ce\pxce\main.asm'
No errors on assembly of 'c:\users\work\desktop\uni\ce\pxce\main.asm'
No errors on assembly of 'c:\users\work\desktop\uni\ce\pxce\main.asm'
No errors on assembly of 'c:\users\work\desktop\uni\ce\pxce\main.asm'
No errors on assembly of 'c:\users\work\desktop\uni\ce\pxce\main.asm'
No errors on assembly of 'c:\users\work\desktop\uni\ce\pxce\main.asm'
No errors on assembly of 'c:\users\work\desktop\uni\ce\pxce\main.asm'
No errors on assembly of 'c:\users\work\desktop\uni\ce\pxce\main.asm'

c:\users\work\desktop\uni\ce\pxce\main.asm(30): as1 : Fatal 4: Illegal Source EOF 'EOF'


c:\users\work\desktop\uni\ce\pxce\main.asm(30): as1 : Fatal 4: Illegal Source EOF 'EOF'


c:\users\work\desktop\uni\ce\pxce\main.asm(30): as1 : Fatal 4: Illegal Source EOF 'EOF'

No errors on assembly of 'c:\users\work\desktop\uni\ce\pxce\main.asm'
No errors on assembly of 'c:\users\work\desktop\uni\ce\pxce\main.asm'
No errors on assembly of 'c:\users\work\desktop\uni\ce\pxce\main.asm'

c:\users\work\desktop\uni\ce\pxce\main.asm(40): as1 : Fatal 4: Illegal Source EOF 'EOF'


c:\users\work\desktop\uni\ce\pxce\main.asm(40): as1 : Fatal 4: Illegal Source EOF 'EOF'


c:\users\work\desktop\uni\ce\pxce\main.asm(40): as1 : Fatal 4: Illegal Source EOF 'EOF'

No errors on assembly of 'c:\users\work\desktop\uni\ce\pxce\main.asm'
No errors on assembly of 'c:\users\work\desktop\uni\ce\pxce\main.asm'
No errors on assembly of 'c:\users\work\desktop\uni\ce\pxce\main.asm'

c:\users\work\desktop\uni\ce\pxce\main.asm(41): as1 : Fatal 4: Illegal Source EOF 'EOF'


c:\users\work\desktop\uni\ce\pxce\main.asm(41): as1 : Fatal 4: Illegal Source EOF 'EOF'


c:\users\work\desktop\uni\ce\pxce\main.asm(41): as1 : Fatal 4: Illegal Source EOF 'EOF'

No errors on assembly of 'c:\users\work\desktop\uni\ce\pxce\main.asm'
No errors on assembly of 'c:\users\work\desktop\uni\ce\pxce\main.asm'
No errors on assembly of 'c:\users\work\desktop\uni\ce\pxce\main.asm'
No errors on assembly of 'c:\users\work\desktop\uni\ce\pxce\main.asm'
No errors on assembly of 'c:\users\work\desktop\uni\ce\pxce\main.asm'
No errors on assembly of 'c:\users\work\desktop\uni\ce\pxce\main.asm'
No errors on assembly of 'c:\users\work\desktop\uni\ce\pxce\main.asm'
No errors on assembly of 'c:\users\work\desktop\uni\ce\pxce\main.asm'
No errors on assembly of 'c:\users\work\desktop\uni\ce\pxce\main.asm'

c:\users\work\desktop\uni\ce\pxce\main.asm(69): as1 : Fatal 4: Illegal Source EOF 'EOF'


c:\users\work\desktop\uni\ce\pxce\main.asm(69): as1 : Fatal 4: Illegal Source EOF 'EOF'


c:\users\work\desktop\uni\ce\pxce\main.asm(69): as1 : Fatal 4: Illegal Source EOF 'EOF'


c:\users\work\desktop\uni\ce\pxce\main.asm(69): as1 : Fatal 4: Illegal Source EOF 'EOF'

No errors on assembly of 'c:\users\work\desktop\uni\ce\pxce\main.asm'
No errors on assembly of 'c:\users\work\desktop\uni\ce\pxce\main.asm'
No errors on assembly of 'c:\users\work\desktop\uni\ce\pxce\main.asm'

c:\users\work\desktop\uni\ce\pxce\main.asm(65): as1 : Fatal 4: Illegal Source EOF 'EOF'


c:\users\work\desktop\uni\ce\pxce\main.asm(65): as1 : Fatal 4: Illegal Source EOF 'EOF'


c:\users\work\desktop\uni\ce\pxce\main.asm(65): as1 : Fatal 4: Illegal Source EOF 'EOF'

No errors on assembly of 'c:\users\work\desktop\uni\ce\pxce\main.asm'
No errors on assembly of 'c:\users\work\desktop\uni\ce\pxce\main.asm'
No errors on assembly of 'c:\users\work\desktop\uni\ce\pxce\main.asm'
No errors on assembly of 'c:\users\work\desktop\uni\ce\pxce\main.asm'
No errors on assembly of 'c:\users\work\desktop\uni\ce\pxce\main.asm'
No errors on assembly of 'c:\users\work\desktop\uni\ce\pxce\main.asm'

c:\users\work\desktop\uni\ce\pxce\main.asm(46): as1 : Fatal 4: Illegal Source EOF 'EOF'


c:\users\work\desktop\uni\ce\pxce\main.asm(46): as1 : Fatal 4: Illegal Source EOF 'EOF'


c:\users\work\desktop\uni\ce\pxce\main.asm(46): as1 : Fatal 4: Illegal Source EOF 'EOF'

No errors on assembly of 'c:\users\work\desktop\uni\ce\pxce\main.asm'
No errors on assembly of 'c:\users\work\desktop\uni\ce\pxce\main.asm'
No errors on assembly of 'c:\users\work\desktop\uni\ce\pxce\main.asm'
No errors on assembly of 'c:\users\work\desktop\uni\ce\pxce\main.asm'
No errors on assembly of 'c:\users\work\desktop\uni\ce\pxce\main.asm'
No errors on assembly of 'c:\users\work\desktop\uni\ce\pxce\main.asm'
No errors on assembly of 'c:\users\work\desktop\uni\ce\pxce\mapping.asm'
No errors on assembly of 'c:\users\work\desktop\uni\ce\pxce\mapping.asm'
No errors on assembly of 'c:\users\work\desktop\uni\ce\pxce\mapping.asm'
No errors on assembly of 'c:\users\work\desktop\uni\ce\pxce\mapping.asm'
No errors on assembly of 'c:\program files (x86)\stmicroelectronics\st_toolset\asm\include\stm8s105c_s.asm'
No errors on assembly of 'c:\program files (x86)\stmicroelectronics\st_toolset\asm\include\stm8s105c_s.asm'

c:\users\work\desktop\uni\ce\pxce\main.asm(71): as1 : Fatal 4: Illegal Source EOF 'EOF'


c:\users\work\desktop\uni\ce\pxce\main.asm(71): as1 : Fatal 4: Illegal Source EOF 'EOF'

No errors on assembly of 'c:\users\work\desktop\uni\ce\pxce\main.asm'
No errors on assembly of 'c:\users\work\desktop\uni\ce\pxce\main.asm'
No errors on assembly of 'c:\users\work\desktop\uni\ce\pxce\main.asm'
No errors on assembly of 'c:\users\work\desktop\uni\ce\pxceold\main.asm'

c:\users\work\desktop\uni\ce\pxceold\main.asm(177): as1 : Fatal 4: Illegal Source EOF 'EOF'


c:\users\work\desktop\uni\ce\pxceold\main.asm(177): as1 : Fatal 4: Illegal Source EOF 'EOF'


c:\users\work\desktop\uni\ce\pxceold\main.asm(177): as1 : Fatal 4: Illegal Source EOF 'EOF'

No errors on assembly of 'c:\users\work\desktop\uni\ce\pxceold\main.asm'
No errors on assembly of 'c:\users\work\desktop\uni\ce\pxceold\main.asm'
No errors on assembly of 'c:\users\work\desktop\uni\ce\pxceold\main.asm'
No errors on assembly of 'c:\users\work\desktop\uni\ce\pxceold\main.asm'
No errors on assembly of 'c:\users\work\desktop\uni\ce\pxceold\main.asm'
No errors on assembly of 'c:\users\work\desktop\uni\ce\pxceold\main.asm'
No errors on assembly of 'c:\users\work\desktop\uni\ce\pxceold\main.asm'
c:\users\work\desktop\uni\ce\pxceold\main.asm(121): as1 : Error 54: Can't match Addressing mode '    ld bit_counter, #8'
c:\users\work\desktop\uni\ce\pxceold\main.asm(151): as1 : Error 54: Can't match Addressing mode '    ld bit_counter, #8'
c:\users\work\desktop\uni\ce\pxceold\main.asm(178): as1 : Error 54: Can't match Addressing mode '    push X'
c:\users\work\desktop\uni\ce\pxceold\main.asm(181): as1 : Error 54: Can't match Addressing mode '    pop X'

c:\users\work\desktop\uni\ce\pxceold\main.asm(195): as1 : Fatal 4: Illegal Source EOF 'EOF'

c:\users\work\desktop\uni\ce\pxceold\main.asm(121): as1 : Error 54: Can't match Addressing mode '    ld bit_counter, #8'
c:\users\work\desktop\uni\ce\pxceold\main.asm(151): as1 : Error 54: Can't match Addressing mode '    ld bit_counter, #8'
c:\users\work\desktop\uni\ce\pxceold\main.asm(178): as1 : Error 54: Can't match Addressing mode '    push X'
c:\users\work\desktop\uni\ce\pxceold\main.asm(181): as1 : Error 54: Can't match Addressing mode '    pop X'

c:\users\work\desktop\uni\ce\pxceold\main.asm(195): as1 : Fatal 4: Illegal Source EOF 'EOF'

c:\users\work\desktop\uni\ce\pxceold\main.asm(121): as1 : Error 54: Can't match Addressing mode '    ld bit_counter, #8'
c:\users\work\desktop\uni\ce\pxceold\main.asm(151): as1 : Error 54: Can't match Addressing mode '    ld bit_counter, #8'
c:\users\work\desktop\uni\ce\pxceold\main.asm(178): as1 : Error 54: Can't match Addressing mode '    push X'
c:\users\work\desktop\uni\ce\pxceold\main.asm(181): as1 : Error 54: Can't match Addressing mode '    pop X'

c:\users\work\desktop\uni\ce\pxceold\main.asm(195): as1 : Fatal 4: Illegal Source EOF 'EOF'

c:\users\work\desktop\uni\ce\pxceold\main.asm(121): as1 : Error 54: Can't match Addressing mode '    ld bit_counter, #8'
c:\users\work\desktop\uni\ce\pxceold\main.asm(151): as1 : Error 54: Can't match Addressing mode '    ld bit_counter, #8'
c:\users\work\desktop\uni\ce\pxceold\main.asm(178): as1 : Error 54: Can't match Addressing mode '    push X'
c:\users\work\desktop\uni\ce\pxceold\main.asm(181): as1 : Error 54: Can't match Addressing mode '    pop X'
4 errors on assembly of 'c:\users\work\desktop\uni\ce\pxceold\main.asm'
c:\users\work\desktop\uni\ce\pxceold\main.asm(121): as1 : Error 54: Can't match Addressing mode '    ld bit_counter, #8'
c:\users\work\desktop\uni\ce\pxceold\main.asm(151): as1 : Error 54: Can't match Addressing mode '    ld bit_counter, #8'
c:\users\work\desktop\uni\ce\pxceold\main.asm(178): as1 : Error 54: Can't match Addressing mode '    push X'
c:\users\work\desktop\uni\ce\pxceold\main.asm(181): as1 : Error 54: Can't match Addressing mode '    pop X'
4 errors on assembly of 'c:\users\work\desktop\uni\ce\pxceold\main.asm'
c:\users\work\desktop\uni\ce\pxceold\main.asm(121): as1 : Error 54: Can't match Addressing mode '    ld bit_counter, #8'
c:\users\work\desktop\uni\ce\pxceold\main.asm(151): as1 : Error 54: Can't match Addressing mode '    ld bit_counter, #8'
c:\users\work\desktop\uni\ce\pxceold\main.asm(178): as1 : Error 54: Can't match Addressing mode '    push X'
c:\users\work\desktop\uni\ce\pxceold\main.asm(181): as1 : Error 54: Can't match Addressing mode '    pop X'
4 errors on assembly of 'c:\users\work\desktop\uni\ce\pxceold\main.asm'
No errors on assembly of 'c:\users\work\desktop\uni\ce\pxceold\main.asm'
No errors on assembly of 'c:\users\work\desktop\uni\ce\pxceold\main.asm'
No errors on assembly of 'c:\users\work\desktop\uni\ce\pxceold\main.asm'
No errors on assembly of 'c:\users\work\desktop\uni\ce\pxceold\main.asm'
No errors on assembly of 'c:\users\work\desktop\uni\ce\pxceold\main.asm'
No errors on assembly of 'c:\users\work\desktop\uni\ce\pxceold\main.asm'
No errors on assembly of 'c:\users\work\desktop\uni\ce\pxceold\main.asm'
No errors on assembly of 'c:\users\work\desktop\uni\ce\pxceold\main.asm'
No errors on assembly of 'c:\users\work\desktop\uni\ce\pxceold\main.asm'
No errors on assembly of 'c:\users\work\desktop\uni\ce\pxceold\main.asm'
